android/app/build/intermediates/manifest_merge_blame_file/release/manifest-merger-blame-release-report.txt
1<?xml version="1.0" encoding="utf-8"?>
2<manifest xmlns:android="http://schemas.android.com/apk/res/android"
3    package="com.vacunaciones"
4    android:versionCode="1"
5    android:versionName="1.0" >
6
7    <uses-sdk
8        android:minSdkVersion="21"
8-->src/main/AndroidManifest.xml
9        android:targetSdkVersion="29" />
9-->src/main/AndroidManifest.xml
10
11    <uses-permission android:name="android.permission.INTERNET" />
11-->src/main/AndroidManifest.xml:4:5-67
11-->src/main/AndroidManifest.xml:4:22-64
12    <uses-permission android:name="android.permission.ACCESS_FINE_LOCATION" />
12-->src/main/AndroidManifest.xml:5:5-79
12-->src/main/AndroidManifest.xml:5:22-76
13    <uses-permission android:name="android.permission.ACCESS_COARSE_LOCATION" />
13-->src/main/AndroidManifest.xml:6:5-81
13-->src/main/AndroidManifest.xml:6:22-78
14    <uses-permission android:name="android.permission.WAKE_LOCK" />
14-->[:react-native-firebase_auth] AndroidManifest.xml:12:5-68
14-->[:react-native-firebase_auth] AndroidManifest.xml:12:22-65
15    <uses-permission android:name="android.permission.ACCESS_NETWORK_STATE" />
15-->[:react-native-firebase_auth] AndroidManifest.xml:13:5-79
15-->[:react-native-firebase_auth] AndroidManifest.xml:13:22-76
16
17    <uses-feature
17-->[com.google.android.gms:play-services-maps:17.0.0] AndroidManifest.xml:26:5-28:35
18        android:glEsVersion="0x00020000"
18-->[com.google.android.gms:play-services-maps:17.0.0] AndroidManifest.xml:27:9-41
19        android:required="true" />
19-->[com.google.android.gms:play-services-maps:17.0.0] AndroidManifest.xml:28:9-32
20
21    <application
21-->src/main/AndroidManifest.xml:8:5-31:19
22        android:name="com.vacunaciones.MainApplication"
22-->src/main/AndroidManifest.xml:9:7-38
23        android:allowBackup="false"
23-->src/main/AndroidManifest.xml:13:7-34
24        android:appComponentFactory="androidx.core.app.CoreComponentFactory"
24-->[androidx.core:core:1.1.0] AndroidManifest.xml:24:18-86
25        android:icon="@mipmap/ic_launcher"
25-->src/main/AndroidManifest.xml:11:7-41
26        android:label="@string/app_name"
26-->src/main/AndroidManifest.xml:10:7-39
27        android:roundIcon="@mipmap/ic_launcher_round"
27-->src/main/AndroidManifest.xml:12:7-52
28        android:theme="@style/AppTheme" >
28-->src/main/AndroidManifest.xml:14:7-38
29        <activity
29-->src/main/AndroidManifest.xml:15:7-25:18
30            android:name="com.vacunaciones.MainActivity"
30-->src/main/AndroidManifest.xml:16:9-37
31            android:configChanges="keyboard|keyboardHidden|orientation|screenSize|uiMode"
31-->src/main/AndroidManifest.xml:18:9-86
32            android:label="@string/app_name"
32-->src/main/AndroidManifest.xml:17:9-41
33            android:launchMode="singleTask"
33-->src/main/AndroidManifest.xml:19:9-40
34            android:windowSoftInputMode="adjustPan" >
34-->src/main/AndroidManifest.xml:20:9-48
35            <intent-filter>
35-->src/main/AndroidManifest.xml:21:9-24:25
36                <action android:name="android.intent.action.MAIN" />
36-->src/main/AndroidManifest.xml:22:13-65
36-->src/main/AndroidManifest.xml:22:21-62
37
38                <category android:name="android.intent.category.LAUNCHER" />
38-->src/main/AndroidManifest.xml:23:13-73
38-->src/main/AndroidManifest.xml:23:23-70
39            </intent-filter>
40        </activity>
41
42        <uses-library
42-->src/main/AndroidManifest.xml:27:7-85
43            android:name="org.apache.http.legacy"
43-->src/main/AndroidManifest.xml:27:21-58
44            android:required="false" />
44-->src/main/AndroidManifest.xml:27:59-83
45
46        <meta-data
46-->src/main/AndroidManifest.xml:28:7-30:66
47            android:name="com.google.android.geo.API_KEY"
47-->src/main/AndroidManifest.xml:29:9-54
48            android:value="AIzaSyBQE0VWyg8flxBWUL4JDsYEcNVkiWPFRSs" />
48-->src/main/AndroidManifest.xml:30:9-64
49
50        <activity
50-->[com.google.firebase:firebase-auth:21.0.1] AndroidManifest.xml:27:9-44:20
51            android:name="com.google.firebase.auth.internal.GenericIdpActivity"
51-->[com.google.firebase:firebase-auth:21.0.1] AndroidManifest.xml:28:13-80
52            android:excludeFromRecents="true"
52-->[com.google.firebase:firebase-auth:21.0.1] AndroidManifest.xml:29:13-46
53            android:exported="true"
53-->[com.google.firebase:firebase-auth:21.0.1] AndroidManifest.xml:30:13-36
54            android:launchMode="singleTask"
54-->[com.google.firebase:firebase-auth:21.0.1] AndroidManifest.xml:31:13-44
55            android:theme="@android:style/Theme.Translucent.NoTitleBar" >
55-->[com.google.firebase:firebase-auth:21.0.1] AndroidManifest.xml:32:13-72
56            <intent-filter>
56-->[com.google.firebase:firebase-auth:21.0.1] AndroidManifest.xml:33:13-43:29
57                <action android:name="android.intent.action.VIEW" />
57-->[com.google.firebase:firebase-auth:21.0.1] AndroidManifest.xml:34:17-69
57-->[com.google.firebase:firebase-auth:21.0.1] AndroidManifest.xml:34:25-66
58
59                <category android:name="android.intent.category.DEFAULT" />
59-->[com.google.firebase:firebase-auth:21.0.1] AndroidManifest.xml:36:17-76
59-->[com.google.firebase:firebase-auth:21.0.1] AndroidManifest.xml:36:27-73
60                <category android:name="android.intent.category.BROWSABLE" />
60-->[com.google.firebase:firebase-auth:21.0.1] AndroidManifest.xml:37:17-78
60-->[com.google.firebase:firebase-auth:21.0.1] AndroidManifest.xml:37:27-75
61
62                <data
62-->[com.google.firebase:firebase-auth:21.0.1] AndroidManifest.xml:39:17-42:51
63                    android:host="firebase.auth"
63-->[com.google.firebase:firebase-auth:21.0.1] AndroidManifest.xml:40:21-49
64                    android:path="/"
64-->[com.google.firebase:firebase-auth:21.0.1] AndroidManifest.xml:41:21-37
65                    android:scheme="genericidp" />
65-->[com.google.firebase:firebase-auth:21.0.1] AndroidManifest.xml:42:21-48
66            </intent-filter>
67        </activity>
68        <activity
68-->[com.google.firebase:firebase-auth:21.0.1] AndroidManifest.xml:45:9-62:20
69            android:name="com.google.firebase.auth.internal.RecaptchaActivity"
69-->[com.google.firebase:firebase-auth:21.0.1] AndroidManifest.xml:46:13-79
70            android:excludeFromRecents="true"
70-->[com.google.firebase:firebase-auth:21.0.1] AndroidManifest.xml:47:13-46
71            android:exported="true"
71-->[com.google.firebase:firebase-auth:21.0.1] AndroidManifest.xml:48:13-36
72            android:launchMode="singleTask"
72-->[com.google.firebase:firebase-auth:21.0.1] AndroidManifest.xml:49:13-44
73            android:theme="@android:style/Theme.Translucent.NoTitleBar" >
73-->[com.google.firebase:firebase-auth:21.0.1] AndroidManifest.xml:50:13-72
74            <intent-filter>
74-->[com.google.firebase:firebase-auth:21.0.1] AndroidManifest.xml:51:13-61:29
75                <action android:name="android.intent.action.VIEW" />
75-->[com.google.firebase:firebase-auth:21.0.1] AndroidManifest.xml:34:17-69
75-->[com.google.firebase:firebase-auth:21.0.1] AndroidManifest.xml:34:25-66
76
77                <category android:name="android.intent.category.DEFAULT" />
77-->[com.google.firebase:firebase-auth:21.0.1] AndroidManifest.xml:36:17-76
77-->[com.google.firebase:firebase-auth:21.0.1] AndroidManifest.xml:36:27-73
78                <category android:name="android.intent.category.BROWSABLE" />
78-->[com.google.firebase:firebase-auth:21.0.1] AndroidManifest.xml:37:17-78
78-->[com.google.firebase:firebase-auth:21.0.1] AndroidManifest.xml:37:27-75
79
80                <data
80-->[com.google.firebase:firebase-auth:21.0.1] AndroidManifest.xml:39:17-42:51
81                    android:host="firebase.auth"
81-->[com.google.firebase:firebase-auth:21.0.1] AndroidManifest.xml:40:21-49
82                    android:path="/"
82-->[com.google.firebase:firebase-auth:21.0.1] AndroidManifest.xml:41:21-37
83                    android:scheme="recaptcha" />
83-->[com.google.firebase:firebase-auth:21.0.1] AndroidManifest.xml:42:21-48
84            </intent-filter>
85        </activity>
86
87        <service
87-->[com.google.firebase:firebase-auth:21.0.1] AndroidManifest.xml:64:9-73:19
88            android:name="com.google.firebase.auth.api.fallback.service.FirebaseAuthFallbackService"
88-->[com.google.firebase:firebase-auth:21.0.1] AndroidManifest.xml:65:13-101
89            android:enabled="true"
89-->[com.google.firebase:firebase-auth:21.0.1] AndroidManifest.xml:66:13-35
90            android:exported="false" >
90-->[com.google.firebase:firebase-auth:21.0.1] AndroidManifest.xml:67:13-37
91            <intent-filter>
91-->[com.google.firebase:firebase-auth:21.0.1] AndroidManifest.xml:68:13-72:29
92                <action android:name="com.google.firebase.auth.api.gms.service.START" />
92-->[com.google.firebase:firebase-auth:21.0.1] AndroidManifest.xml:69:17-89
92-->[com.google.firebase:firebase-auth:21.0.1] AndroidManifest.xml:69:25-86
93
94                <category android:name="android.intent.category.DEFAULT" />
94-->[com.google.firebase:firebase-auth:21.0.1] AndroidManifest.xml:36:17-76
94-->[com.google.firebase:firebase-auth:21.0.1] AndroidManifest.xml:36:27-73
95            </intent-filter>
96        </service>
97        <service
97-->[com.google.firebase:firebase-auth:21.0.1] AndroidManifest.xml:74:9-80:19
98            android:name="com.google.firebase.components.ComponentDiscoveryService"
98-->[com.google.firebase:firebase-auth:21.0.1] AndroidManifest.xml:75:13-84
99            android:directBootAware="true"
99-->[com.google.firebase:firebase-common:20.0.0] AndroidManifest.xml:35:13-43
100            android:exported="false" >
100-->[com.google.firebase:firebase-auth:21.0.1] AndroidManifest.xml:76:13-37
101            <meta-data
101-->[com.google.firebase:firebase-auth:21.0.1] AndroidManifest.xml:77:13-79:85
102                android:name="com.google.firebase.components:com.google.firebase.auth.FirebaseAuthRegistrar"
102-->[com.google.firebase:firebase-auth:21.0.1] AndroidManifest.xml:78:17-109
103                android:value="com.google.firebase.components.ComponentRegistrar" />
103-->[com.google.firebase:firebase-auth:21.0.1] AndroidManifest.xml:79:17-82
104        </service>
105
106        <provider
106-->[com.google.firebase:firebase-common:20.0.0] AndroidManifest.xml:26:9-31:39
107            android:name="com.google.firebase.provider.FirebaseInitProvider"
107-->[com.google.firebase:firebase-common:20.0.0] AndroidManifest.xml:27:13-77
108            android:authorities="com.vacunaciones.firebaseinitprovider"
108-->[com.google.firebase:firebase-common:20.0.0] AndroidManifest.xml:28:13-72
109            android:directBootAware="true"
109-->[com.google.firebase:firebase-common:20.0.0] AndroidManifest.xml:29:13-43
110            android:exported="false"
110-->[com.google.firebase:firebase-common:20.0.0] AndroidManifest.xml:30:13-37
111            android:initOrder="100" />
111-->[com.google.firebase:firebase-common:20.0.0] AndroidManifest.xml:31:13-36
112
113        <activity
113-->[com.google.android.gms:play-services-auth:19.0.0] AndroidManifest.xml:23:9-27:75
114            android:name="com.google.android.gms.auth.api.signin.internal.SignInHubActivity"
114-->[com.google.android.gms:play-services-auth:19.0.0] AndroidManifest.xml:24:13-93
115            android:excludeFromRecents="true"
115-->[com.google.android.gms:play-services-auth:19.0.0] AndroidManifest.xml:25:13-46
116            android:exported="false"
116-->[com.google.android.gms:play-services-auth:19.0.0] AndroidManifest.xml:26:13-37
117            android:theme="@android:style/Theme.Translucent.NoTitleBar" />
117-->[com.google.android.gms:play-services-auth:19.0.0] AndroidManifest.xml:27:13-72
118        <!--
119            Service handling Google Sign-In user revocation. For apps that do not integrate with
120            Google Sign-In, this service will never be started.
121        -->
122        <service
122-->[com.google.android.gms:play-services-auth:19.0.0] AndroidManifest.xml:33:9-37:51
123            android:name="com.google.android.gms.auth.api.signin.RevocationBoundService"
123-->[com.google.android.gms:play-services-auth:19.0.0] AndroidManifest.xml:34:13-89
124            android:exported="true"
124-->[com.google.android.gms:play-services-auth:19.0.0] AndroidManifest.xml:35:13-36
125            android:permission="com.google.android.gms.auth.api.signin.permission.REVOCATION_NOTIFICATION"
125-->[com.google.android.gms:play-services-auth:19.0.0] AndroidManifest.xml:36:13-107
126            android:visibleToInstantApps="true" />
126-->[com.google.android.gms:play-services-auth:19.0.0] AndroidManifest.xml:37:13-48
127
128        <activity
128-->[com.google.android.gms:play-services-base:17.1.0] AndroidManifest.xml:23:9-26:75
129            android:name="com.google.android.gms.common.api.GoogleApiActivity"
129-->[com.google.android.gms:play-services-base:17.1.0] AndroidManifest.xml:24:13-79
130            android:exported="false"
130-->[com.google.android.gms:play-services-base:17.1.0] AndroidManifest.xml:25:13-37
131            android:theme="@android:style/Theme.Translucent.NoTitleBar" />
131-->[com.google.android.gms:play-services-base:17.1.0] AndroidManifest.xml:26:13-72
132
133        <meta-data
133-->[com.google.android.gms:play-services-basement:17.1.1] AndroidManifest.xml:23:9-25:69
134            android:name="com.google.android.gms.version"
134-->[com.google.android.gms:play-services-basement:17.1.1] AndroidManifest.xml:24:13-58
135            android:value="@integer/google_play_services_version" />
135-->[com.google.android.gms:play-services-basement:17.1.1] AndroidManifest.xml:25:13-66
136    </application>
137
138</manifest>